[debug] [2020-10-18T18:40:02.648Z] ----------------------------------------------------------------------
[debug] [2020-10-18T18:40:02.650Z] Command:       C:\Program Files\nodejs\node.exe C:\Users\Lasitha\AppData\Roaming\npm\node_modules\firebase-tools\lib\bin\firebase.js login --no-localhost
[debug] [2020-10-18T18:40:02.650Z] CLI Version:   8.12.1
[debug] [2020-10-18T18:40:02.650Z] Platform:      win32
[debug] [2020-10-18T18:40:02.650Z] Node Version:  v14.5.0
[debug] [2020-10-18T18:40:02.651Z] Time:          Mon Oct 19 2020 00:10:02 GMT+0530 (India Standard Time)
[debug] [2020-10-18T18:40:02.651Z] ----------------------------------------------------------------------
[debug] [2020-10-18T18:40:02.651Z] 
[info] i  Firebase optionally collects CLI usage and error reporting information to help improve our products. Data is collected in accordance with Google's privacy policy (https://policies.google.com/privacy) and is not used to identify you.
 
[debug] [2020-10-18T18:41:10.203Z] ----------------------------------------------------------------------
[debug] [2020-10-18T18:41:10.204Z] Command:       C:\Program Files\nodejs\node.exe C:\Users\Lasitha\AppData\Roaming\npm\node_modules\firebase-tools\lib\bin\firebase.js login --no-localhost
[debug] [2020-10-18T18:41:10.205Z] CLI Version:   8.12.1
[debug] [2020-10-18T18:41:10.205Z] Platform:      win32
[debug] [2020-10-18T18:41:10.205Z] Node Version:  v14.5.0
[debug] [2020-10-18T18:41:10.206Z] Time:          Mon Oct 19 2020 00:11:10 GMT+0530 (India Standard Time)
[debug] [2020-10-18T18:41:10.206Z] ----------------------------------------------------------------------
[debug] [2020-10-18T18:41:10.206Z] 
[info] i  Firebase optionally collects CLI usage and error reporting information to help improve our products. Data is collected in accordance with Google's privacy policy (https://policies.google.com/privacy) and is not used to identify you.
 
[debug] [2020-10-18T18:41:22.506Z] ----------------------------------------------------------------------
[debug] [2020-10-18T18:41:22.508Z] Command:       C:\Program Files\nodejs\node.exe C:\Users\Lasitha\AppData\Roaming\npm\node_modules\firebase-tools\lib\bin\firebase.js login --no-localhost
[debug] [2020-10-18T18:41:22.508Z] CLI Version:   8.12.1
[debug] [2020-10-18T18:41:22.509Z] Platform:      win32
[debug] [2020-10-18T18:41:22.509Z] Node Version:  v14.5.0
[debug] [2020-10-18T18:41:22.510Z] Time:          Mon Oct 19 2020 00:11:22 GMT+0530 (India Standard Time)
[debug] [2020-10-18T18:41:22.510Z] ----------------------------------------------------------------------
[debug] [2020-10-18T18:41:22.510Z] 
[info] i  Firebase optionally collects CLI usage and error reporting information to help improve our products. Data is collected in accordance with Google's privacy policy (https://policies.google.com/privacy) and is not used to identify you.
 
[debug] [2020-10-18T18:41:29.414Z] ----------------------------------------------------------------------
[debug] [2020-10-18T18:41:29.416Z] Command:       C:\Program Files\nodejs\node.exe C:\Users\Lasitha\AppData\Roaming\npm\node_modules\firebase-tools\lib\bin\firebase.js login --no-localhost
[debug] [2020-10-18T18:41:29.417Z] CLI Version:   8.12.1
[debug] [2020-10-18T18:41:29.417Z] Platform:      win32
[debug] [2020-10-18T18:41:29.417Z] Node Version:  v14.5.0
[debug] [2020-10-18T18:41:29.418Z] Time:          Mon Oct 19 2020 00:11:29 GMT+0530 (India Standard Time)
[debug] [2020-10-18T18:41:29.418Z] ----------------------------------------------------------------------
[debug] [2020-10-18T18:41:29.418Z] 
[info] i  Firebase optionally collects CLI usage and error reporting information to help improve our products. Data is collected in accordance with Google's privacy policy (https://policies.google.com/privacy) and is not used to identify you.
 
[info] i  To change your data collection preference at any time, run `firebase logout` and log in again. 
[info] 
[info] Visit this URL on any device to log in:
[info] https://accounts.google.com/o/oauth2/auth?client_id=563584335869-fgrhgmd47bqnekij5i8b5pr03ho849e6.apps.googleusercontent.com&scope=email%20openid%20https%3A%2F%2Fwww.googleapis.com%2Fauth%2Fcloudplatformprojects.readonly%20https%3A%2F%2Fwww.googleapis.com%2Fauth%2Ffirebase%20https%3A%2F%2Fwww.googleapis.com%2Fauth%2Fcloud-platform&response_type=code&state=834121817&redirect_uri=urn%3Aietf%3Awg%3Aoauth%3A2.0%3Aoob
[info] 
